<?xml version="1.0" encoding="UTF-8"?>
<!-- Generated by org.testng.reporters.JUnitReportReporter -->
<testsuite hostname="DESKTOP-1QQ8407" failures="0" tests="1" name="RestAssuredTest" time="1.196" errors="0" timestamp="2020-11-13T17:38:57 EST" skipped="0">
  <testcase classname="RestAssuredTest" name="test" time="1.196"/>
  <system-out/>
</testsuite> <!-- RestAssuredTest -->
