<?xml version="1.0" encoding="UTF-8"?>
<!-- Generated by org.testng.reporters.JUnitReportReporter -->
<testsuite hostname="DESKTOP-1QQ8407" failures="0" tests="1" name="theInternet.tests.IndexPageTest" time="0.318" errors="0" timestamp="2020-11-06T21:39:36 EST" skipped="0">
  <testcase classname="theInternet.tests.IndexPageTest" name="canNavigateToIndexPage" time="0.318"/>
  <system-out/>
</testsuite> <!-- theInternet.tests.IndexPageTest -->
