<?xml version="1.0" encoding="UTF-8"?>
<!-- Generated by org.testng.reporters.JUnitReportReporter -->
<testsuite hostname="DESKTOP-1QQ8407" failures="0" tests="1" name="theInternet.tests.DropdownPageTest" time="0.777" errors="0" timestamp="2020-11-06T21:37:28 EST" skipped="0">
  <testcase classname="theInternet.tests.DropdownPageTest" name="tc8canSelectDropdownListItem" time="0.777"/>
  <system-out/>
</testsuite> <!-- theInternet.tests.DropdownPageTest -->
