<?xml version="1.0" encoding="UTF-8"?>
<!-- Generated by org.testng.reporters.JUnitReportReporter -->
<testsuite hostname="DESKTOP-1QQ8407" failures="0" tests="1" name="theInternet.tests.KeyPressesPageTest" time="0.874" errors="0" timestamp="2020-11-11T20:15:03 EST" skipped="0">
  <testcase classname="theInternet.tests.KeyPressesPageTest" name="canAccessPage" time="0.874"/>
  <system-out/>
</testsuite> <!-- theInternet.tests.KeyPressesPageTest -->
