<?xml version="1.0" encoding="UTF-8"?>
<!-- Generated by org.testng.reporters.JUnitReportReporter -->
<testsuite hostname="DESKTOP-1QQ8407" failures="0" tests="1" name="theInternet.tests.InputPageTest" time="0.486" errors="0" timestamp="2020-11-06T21:54:55 EST" skipped="0">
  <testcase classname="theInternet.tests.InputPageTest" name="tc21canInputInteger" time="0.486"/>
  <system-out/>
</testsuite> <!-- theInternet.tests.InputPageTest -->
