<?xml version="1.0" encoding="UTF-8"?>
<!-- Generated by org.testng.reporters.JUnitReportReporter -->
<testsuite hostname="DESKTOP-1QQ8407" failures="0" tests="1" name="theInternet.tests.AddRemoveElementsPageTest" time="0.463" errors="0" timestamp="2020-11-10T21:00:05 EST" skipped="0">
  <testcase classname="theInternet.tests.AddRemoveElementsPageTest" name="tc1canRemoveElements" time="0.463"/>
  <system-out/>
</testsuite> <!-- theInternet.tests.AddRemoveElementsPageTest -->
