<?xml version="1.0" encoding="UTF-8"?>
<!-- Generated by org.testng.reporters.JUnitReportReporter -->
<testsuite hostname="DESKTOP-1QQ8407" failures="0" tests="1" name="theInternet.tests.CheckboxPageTest" time="0.539" errors="0" timestamp="2020-11-06T21:38:50 EST" skipped="0">
  <testcase classname="theInternet.tests.CheckboxPageTest" name="tc4canCheckCheckBox" time="0.539"/>
  <system-out/>
</testsuite> <!-- theInternet.tests.CheckboxPageTest -->
