<?xml version="1.0" encoding="UTF-8"?>
<!-- Generated by org.testng.reporters.JUnitReportReporter -->
<testsuite hostname="DESKTOP-1QQ8407" failures="0" tests="5" name="theInternet.TheInternet" time="1.391" errors="0" timestamp="2020-11-06T00:30:10 EST" skipped="0">
  <testcase classname="theInternet.TheInternet" name="canNavigateToIndexPage" time="0.129"/>
  <system-out/>
  <testcase classname="theInternet.TheInternet" name="tc4canCheckCheckBox" time="0.353"/>
  <system-out/>
  <testcase classname="theInternet.TheInternet" name="canLaunchFirefoxDriver" time="0.287"/>
  <system-out/>
  <testcase classname="theInternet.TheInternet" name="tc21canInputTextBox" time="0.228"/>
  <system-out/>
  <testcase classname="theInternet.TheInternet" name="tc8canSelectDropdownListItem" time="0.394"/>
  <system-out/>
</testsuite> <!-- theInternet.TheInternet -->
