<?xml version="1.0" encoding="UTF-8"?>
<!-- Generated by org.testng.reporters.JUnitReportReporter -->
<testsuite hostname="DESKTOP-1QQ8407" failures="0" tests="1" name="theInternet.tests.CheckboxesPageTest" time="2.524" errors="0" timestamp="2020-11-11T15:04:30 EST" skipped="0">
  <testcase classname="theInternet.tests.CheckboxesPageTest" name="canToggle" time="2.524"/>
  <system-out/>
</testsuite> <!-- theInternet.tests.CheckboxesPageTest -->
