<?xml version="1.0" encoding="UTF-8"?>
<!-- Generated by org.testng.reporters.JUnitReportReporter -->
<testsuite hostname="DESKTOP-1QQ8407" failures="0" tests="1" name="theInternet.tests.RedirectLinkPageTest" time="0.529" errors="0" timestamp="2020-11-11T20:19:55 EST" skipped="0">
  <testcase classname="theInternet.tests.RedirectLinkPageTest" name="canAccessPage" time="0.529"/>
  <system-out/>
</testsuite> <!-- theInternet.tests.RedirectLinkPageTest -->
