<?xml version="1.0" encoding="UTF-8"?>
<!-- Generated by org.testng.reporters.JUnitReportReporter -->
<testsuite hostname="DESKTOP-1QQ8407" failures="0" tests="1" name="TheInternet" time="0.474" errors="0" timestamp="2020-11-05T19:36:25 EST" skipped="0">
  <testcase classname="TheInternet" name="tc21canInputTextBox" time="0.474"/>
  <system-out/>
</testsuite> <!-- TheInternet -->
