<?xml version="1.0" encoding="UTF-8"?>
<!-- Generated by org.testng.reporters.JUnitReportReporter -->
<testsuite hostname="DESKTOP-1QQ8407" failures="0" tests="1" name="theInternet.tests.DisappearingElementsPageTest" time="0.331" errors="0" timestamp="2020-11-11T19:04:51 EST" skipped="0">
  <testcase classname="theInternet.tests.DisappearingElementsPageTest" name="canRefreshPage" time="0.331"/>
  <system-out/>
</testsuite> <!-- theInternet.tests.DisappearingElementsPageTest -->
