<?xml version="1.0" encoding="UTF-8"?>
<!-- Generated by org.testng.reporters.JUnitReportReporter -->
<testsuite hostname="DESKTOP-1QQ8407" failures="0" tests="1" name="theInternet.tests.BasicAuthPageTest" time="0.299" errors="0" timestamp="2020-11-10T21:41:40 EST" skipped="0">
  <testcase classname="theInternet.tests.BasicAuthPageTest" name="canAccessPage" time="0.299"/>
  <system-out/>
</testsuite> <!-- theInternet.tests.BasicAuthPageTest -->
