<?xml version="1.0" encoding="UTF-8"?>
<!-- Generated by org.testng.reporters.JUnitReportReporter -->
<testsuite hostname="DESKTOP-1QQ8407" failures="0" tests="1" name="SeleniumTest" time="0.350" errors="0" timestamp="2020-11-04T19:49:02 EST" skipped="0">
  <testcase classname="SeleniumTest" name="canLaunchFirefoxDriver" time="0.350"/>
  <system-out/>
</testsuite> <!-- SeleniumTest -->
