<?xml version="1.0" encoding="UTF-8"?>
<!-- Generated by org.testng.reporters.JUnitReportReporter -->
<testsuite hostname="DESKTOP-1QQ8407" failures="0" tests="3" name="TheInternet" time="0.904" errors="0" timestamp="2020-11-03T21:22:13 EST" skipped="0">
  <testcase classname="TheInternet" name="canNavigateToIndexPage" time="0.133"/>
  <system-out/>
  <testcase classname="TheInternet" name="canLaunchFirefoxDriver" time="0.296"/>
  <system-out/>
  <testcase classname="TheInternet" name="tc8canSelectDropdownListItem" time="0.475"/>
  <system-out/>
</testsuite> <!-- TheInternet -->
