<?xml version="1.0" encoding="UTF-8"?>
<!-- Generated by org.testng.reporters.JUnitReportReporter -->
<testsuite hostname="DESKTOP-1QQ8407" failures="0" tests="3" name="NewTest" time="0.004" errors="0" timestamp="2020-10-27T22:17:40 EDT" skipped="0">
  <testcase classname="NewTest" name="tryCatchBlockTest" time="0.000"/>
  <system-out/>
  <testcase classname="NewTest" name="helloWorldTest" time="0.003"/>
  <system-out/>
  <testcase classname="NewTest" name="newClassTest" time="0.001"/>
  <system-out/>
</testsuite> <!-- NewTest -->
