<?xml version="1.0" encoding="UTF-8"?>
<!-- Generated by org.testng.reporters.JUnitReportReporter -->
<testsuite hostname="DESKTOP-1QQ8407" failures="0" tests="1" name="NewTest" time="0.004" errors="0" timestamp="2020-11-02T00:54:48 EST" skipped="0">
  <testcase classname="NewTest" name="tesst" time="0.004"/>
  <system-out/>
</testsuite> <!-- NewTest -->
